{"/home/dell/Documents/new/hotel-booking/app.js": {"path":"/home/dell/Documents/new/hotel-booking/app.js","statementMap":{"0":{"start":{"line":6,"column":0},"end":{"line":6,"column":16}},"1":{"start":{"line":8,"column":12},"end":{"line":8,"column":21}},"2":{"start":{"line":11,"column":13},"end":{"line":11,"column":37}},"3":{"start":{"line":13,"column":2},"end":{"line":15,"column":2}},"4":{"start":{"line":14,"column":4},"end":{"line":14,"column":55}},"5":{"start":{"line":18,"column":0},"end":{"line":18,"column":24}},"6":{"start":{"line":20,"column":0},"end":{"line":20,"column":27}},"7":{"start":{"line":21,"column":0},"end":{"line":21,"column":17}},"8":{"start":{"line":25,"column":0},"end":{"line":27,"column":3}},"9":{"start":{"line":26,"column":2},"end":{"line":26,"column":55}},"10":{"start":{"line":30,"column":0},"end":{"line":32,"column":3}},"11":{"start":{"line":31,"column":2},"end":{"line":31,"column":66}}},"fnMap":{"0":{"name":"(anonymous_0)","decl":{"start":{"line":13,"column":19},"end":{"line":13,"column":20}},"loc":{"start":{"line":13,"column":25},"end":{"line":15,"column":1}},"line":13},"1":{"name":"(anonymous_1)","decl":{"start":{"line":25,"column":32},"end":{"line":25,"column":33}},"loc":{"start":{"line":25,"column":41},"end":{"line":27,"column":1}},"line":25},"2":{"name":"(anonymous_2)","decl":{"start":{"line":30,"column":33},"end":{"line":30,"column":34}},"loc":{"start":{"line":30,"column":48},"end":{"line":32,"column":1}},"line":30}},"branchMap":{"0":{"loc":{"start":{"line":11,"column":13},"end":{"line":11,"column":37}},"type":"binary-expr","locations":[{"start":{"line":11,"column":13},"end":{"line":11,"column":29}},{"start":{"line":11,"column":33},"end":{"line":11,"column":37}}],"line":11}},"s":{"0":1,"1":1,"2":1,"3":1,"4":1,"5":1,"6":1,"7":1,"8":1,"9":0,"10":1,"11":0},"f":{"0":1,"1":0,"2":0},"b":{"0":[1,0]},"_coverageSchema":"1a1c01bbd47fc00a2c39e90264f33305004495a9","hash":"d2eb2284af970657960b45d36af4c8bb43366c72"}
,"/home/dell/Documents/new/hotel-booking/src/config/swagger.config.js": {"path":"/home/dell/Documents/new/hotel-booking/src/config/swagger.config.js","statementMap":{"0":{"start":{"line":1,"column":21},"end":{"line":1,"column":45}},"1":{"start":{"line":2,"column":18},"end":{"line":2,"column":47}},"2":{"start":{"line":5,"column":16},"end":{"line":21,"column":1}},"3":{"start":{"line":23,"column":20},"end":{"line":23,"column":41}},"4":{"start":{"line":25,"column":20},"end":{"line":28,"column":1}},"5":{"start":{"line":26,"column":2},"end":{"line":26,"column":70}},"6":{"start":{"line":27,"column":2},"end":{"line":27,"column":74}},"7":{"start":{"line":30,"column":0},"end":{"line":30,"column":29}}},"fnMap":{"0":{"name":"(anonymous_0)","decl":{"start":{"line":25,"column":20},"end":{"line":25,"column":21}},"loc":{"start":{"line":25,"column":29},"end":{"line":28,"column":1}},"line":25}},"branchMap":{},"s":{"0":1,"1":1,"2":1,"3":1,"4":1,"5":1,"6":1,"7":1},"f":{"0":1},"b":{},"_coverageSchema":"1a1c01bbd47fc00a2c39e90264f33305004495a9","hash":"5eda9ed0d9b5caf6be17939dc6c6ff8d2183f913"}
,"/home/dell/Documents/new/hotel-booking/src/controllers/hotel.controller.js": {"path":"/home/dell/Documents/new/hotel-booking/src/controllers/hotel.controller.js","statementMap":{"0":{"start":{"line":4,"column":20},"end":{"line":11,"column":1}},"1":{"start":{"line":5,"column":2},"end":{"line":10,"column":3}},"2":{"start":{"line":6,"column":20},"end":{"line":6,"column":44}},"3":{"start":{"line":7,"column":4},"end":{"line":7,"column":74}},"4":{"start":{"line":9,"column":4},"end":{"line":9,"column":45}},"5":{"start":{"line":13,"column":28},"end":{"line":21,"column":1}},"6":{"start":{"line":14,"column":2},"end":{"line":20,"column":3}},"7":{"start":{"line":15,"column":20},"end":{"line":15,"column":48}},"8":{"start":{"line":16,"column":4},"end":{"line":16,"column":69}},"9":{"start":{"line":16,"column":18},"end":{"line":16,"column":69}},"10":{"start":{"line":17,"column":4},"end":{"line":17,"column":75}},"11":{"start":{"line":19,"column":4},"end":{"line":19,"column":45}},"12":{"start":{"line":23,"column":28},"end":{"line":30,"column":1}},"13":{"start":{"line":24,"column":2},"end":{"line":29,"column":3}},"14":{"start":{"line":25,"column":19},"end":{"line":25,"column":64}},"15":{"start":{"line":26,"column":4},"end":{"line":26,"column":73}},"16":{"start":{"line":28,"column":4},"end":{"line":28,"column":45}},"17":{"start":{"line":32,"column":35},"end":{"line":39,"column":1}},"18":{"start":{"line":33,"column":2},"end":{"line":38,"column":3}},"19":{"start":{"line":34,"column":19},"end":{"line":34,"column":48}},"20":{"start":{"line":35,"column":4},"end":{"line":35,"column":66}},"21":{"start":{"line":37,"column":4},"end":{"line":37,"column":45}},"22":{"start":{"line":41,"column":29},"end":{"line":49,"column":1}},"23":{"start":{"line":42,"column":2},"end":{"line":48,"column":3}},"24":{"start":{"line":43,"column":27},"end":{"line":43,"column":66}},"25":{"start":{"line":44,"column":4},"end":{"line":44,"column":76}},"26":{"start":{"line":44,"column":25},"end":{"line":44,"column":76}},"27":{"start":{"line":45,"column":4},"end":{"line":45,"column":81}},"28":{"start":{"line":47,"column":4},"end":{"line":47,"column":45}}},"fnMap":{"0":{"name":"(anonymous_0)","decl":{"start":{"line":4,"column":20},"end":{"line":4,"column":21}},"loc":{"start":{"line":4,"column":40},"end":{"line":11,"column":1}},"line":4},"1":{"name":"(anonymous_1)","decl":{"start":{"line":13,"column":28},"end":{"line":13,"column":29}},"loc":{"start":{"line":13,"column":48},"end":{"line":21,"column":1}},"line":13},"2":{"name":"(anonymous_2)","decl":{"start":{"line":23,"column":28},"end":{"line":23,"column":29}},"loc":{"start":{"line":23,"column":48},"end":{"line":30,"column":1}},"line":23},"3":{"name":"(anonymous_3)","decl":{"start":{"line":32,"column":35},"end":{"line":32,"column":36}},"loc":{"start":{"line":32,"column":55},"end":{"line":39,"column":1}},"line":32},"4":{"name":"(anonymous_4)","decl":{"start":{"line":41,"column":29},"end":{"line":41,"column":30}},"loc":{"start":{"line":41,"column":49},"end":{"line":49,"column":1}},"line":41}},"branchMap":{"0":{"loc":{"start":{"line":16,"column":4},"end":{"line":16,"column":69}},"type":"if","locations":[{"start":{"line":16,"column":4},"end":{"line":16,"column":69}},{"start":{},"end":{}}],"line":16},"1":{"loc":{"start":{"line":44,"column":4},"end":{"line":44,"column":76}},"type":"if","locations":[{"start":{"line":44,"column":4},"end":{"line":44,"column":76}},{"start":{},"end":{}}],"line":44}},"s":{"0":1,"1":2,"2":2,"3":1,"4":1,"5":1,"6":1,"7":1,"8":0,"9":0,"10":0,"11":1,"12":1,"13":1,"14":1,"15":1,"16":0,"17":1,"18":2,"19":2,"20":1,"21":1,"22":1,"23":2,"24":2,"25":0,"26":0,"27":0,"28":2},"f":{"0":2,"1":1,"2":1,"3":2,"4":2},"b":{"0":[0,0],"1":[0,0]},"_coverageSchema":"1a1c01bbd47fc00a2c39e90264f33305004495a9","hash":"09bf3ddaa23ac77db6f8b0d37aed9529509ab73e"}
,"/home/dell/Documents/new/hotel-booking/src/middlewares/validations/bookingValidation.js": {"path":"/home/dell/Documents/new/hotel-booking/src/middlewares/validations/bookingValidation.js","statementMap":{"0":{"start":{"line":3,"column":31},"end":{"line":19,"column":1}},"1":{"start":{"line":13,"column":19},"end":{"line":13,"column":40}},"2":{"start":{"line":14,"column":4},"end":{"line":16,"column":5}},"3":{"start":{"line":15,"column":6},"end":{"line":15,"column":62}},"4":{"start":{"line":17,"column":4},"end":{"line":17,"column":11}},"5":{"start":{"line":21,"column":36},"end":{"line":35,"column":1}},"6":{"start":{"line":29,"column":19},"end":{"line":29,"column":40}},"7":{"start":{"line":30,"column":4},"end":{"line":32,"column":5}},"8":{"start":{"line":31,"column":6},"end":{"line":31,"column":62}},"9":{"start":{"line":33,"column":4},"end":{"line":33,"column":11}},"10":{"start":{"line":37,"column":36},"end":{"line":48,"column":1}},"11":{"start":{"line":42,"column":19},"end":{"line":42,"column":40}},"12":{"start":{"line":43,"column":4},"end":{"line":45,"column":5}},"13":{"start":{"line":44,"column":6},"end":{"line":44,"column":62}},"14":{"start":{"line":46,"column":4},"end":{"line":46,"column":11}}},"fnMap":{"0":{"name":"(anonymous_0)","decl":{"start":{"line":12,"column":2},"end":{"line":12,"column":3}},"loc":{"start":{"line":12,"column":22},"end":{"line":18,"column":3}},"line":12},"1":{"name":"(anonymous_1)","decl":{"start":{"line":28,"column":2},"end":{"line":28,"column":3}},"loc":{"start":{"line":28,"column":22},"end":{"line":34,"column":3}},"line":28},"2":{"name":"(anonymous_2)","decl":{"start":{"line":41,"column":2},"end":{"line":41,"column":3}},"loc":{"start":{"line":41,"column":22},"end":{"line":47,"column":3}},"line":41}},"branchMap":{"0":{"loc":{"start":{"line":14,"column":4},"end":{"line":16,"column":5}},"type":"if","locations":[{"start":{"line":14,"column":4},"end":{"line":16,"column":5}},{"start":{},"end":{}}],"line":14},"1":{"loc":{"start":{"line":30,"column":4},"end":{"line":32,"column":5}},"type":"if","locations":[{"start":{"line":30,"column":4},"end":{"line":32,"column":5}},{"start":{},"end":{}}],"line":30},"2":{"loc":{"start":{"line":43,"column":4},"end":{"line":45,"column":5}},"type":"if","locations":[{"start":{"line":43,"column":4},"end":{"line":45,"column":5}},{"start":{},"end":{}}],"line":43}},"s":{"0":1,"1":2,"2":2,"3":0,"4":2,"5":1,"6":2,"7":2,"8":0,"9":2,"10":1,"11":2,"12":2,"13":0,"14":2},"f":{"0":2,"1":2,"2":2},"b":{"0":[0,2],"1":[0,2],"2":[0,2]},"_coverageSchema":"1a1c01bbd47fc00a2c39e90264f33305004495a9","hash":"dc48707c03eb9e2e7524607cc13cbc529cd513e9"}
,"/home/dell/Documents/new/hotel-booking/src/routes/hotel.route.js": {"path":"/home/dell/Documents/new/hotel-booking/src/routes/hotel.route.js","statementMap":{"0":{"start":{"line":5,"column":20},"end":{"line":5,"column":36}},"1":{"start":{"line":39,"column":0},"end":{"line":39,"column":52}},"2":{"start":{"line":72,"column":0},"end":{"line":72,"column":43}},"3":{"start":{"line":99,"column":0},"end":{"line":99,"column":41}},"4":{"start":{"line":142,"column":0},"end":{"line":142,"column":81}},"5":{"start":{"line":239,"column":0},"end":{"line":239,"column":72}}},"fnMap":{},"branchMap":{},"s":{"0":1,"1":1,"2":1,"3":1,"4":1,"5":1},"f":{},"b":{},"_coverageSchema":"1a1c01bbd47fc00a2c39e90264f33305004495a9","hash":"97576461135ec79b7e57294fce4a01711dee1310"}
,"/home/dell/Documents/new/hotel-booking/src/routes/index.routes.js": {"path":"/home/dell/Documents/new/hotel-booking/src/routes/index.routes.js","statementMap":{"0":{"start":{"line":10,"column":15},"end":{"line":10,"column":52}},"1":{"start":{"line":12,"column":0},"end":{"line":12,"column":69}},"2":{"start":{"line":14,"column":0},"end":{"line":14,"column":33}}},"fnMap":{},"branchMap":{},"s":{"0":1,"1":1,"2":1},"f":{},"b":{},"_coverageSchema":"1a1c01bbd47fc00a2c39e90264f33305004495a9","hash":"113a5b44216cdbe824ef59f9aa14fcd4780654c1"}
,"/home/dell/Documents/new/hotel-booking/src/services/booking.service.js": {"path":"/home/dell/Documents/new/hotel-booking/src/services/booking.service.js","statementMap":{"0":{"start":{"line":4,"column":15},"end":{"line":4,"column":17}},"1":{"start":{"line":5,"column":20},"end":{"line":5,"column":21}},"2":{"start":{"line":8,"column":22},"end":{"line":25,"column":1}},"3":{"start":{"line":9,"column":14},"end":{"line":9,"column":24}},"4":{"start":{"line":10,"column":22},"end":{"line":10,"column":39}},"5":{"start":{"line":11,"column":23},"end":{"line":11,"column":41}},"6":{"start":{"line":13,"column":2},"end":{"line":15,"column":3}},"7":{"start":{"line":14,"column":4},"end":{"line":14,"column":43}},"8":{"start":{"line":17,"column":2},"end":{"line":19,"column":3}},"9":{"start":{"line":18,"column":4},"end":{"line":18,"column":59}},"10":{"start":{"line":21,"column":2},"end":{"line":23,"column":3}},"11":{"start":{"line":22,"column":4},"end":{"line":22,"column":66}},"12":{"start":{"line":24,"column":2},"end":{"line":24,"column":14}},"13":{"start":{"line":26,"column":28},"end":{"line":29,"column":1}},"14":{"start":{"line":27,"column":17},"end":{"line":27,"column":92}},"15":{"start":{"line":28,"column":2},"end":{"line":28,"column":79}},"16":{"start":{"line":28,"column":39},"end":{"line":28,"column":74}},"17":{"start":{"line":31,"column":27},"end":{"line":39,"column":1}},"18":{"start":{"line":32,"column":2},"end":{"line":38,"column":4}},"19":{"start":{"line":34,"column":6},"end":{"line":37,"column":52}},"20":{"start":{"line":41,"column":24},"end":{"line":120,"column":1}},"21":{"start":{"line":42,"column":2},"end":{"line":119,"column":3}},"22":{"start":{"line":43,"column":69},"end":{"line":43,"column":80}},"23":{"start":{"line":44,"column":4},"end":{"line":44,"column":37}},"24":{"start":{"line":46,"column":18},"end":{"line":46,"column":55}},"25":{"start":{"line":46,"column":37},"end":{"line":46,"column":54}},"26":{"start":{"line":47,"column":4},"end":{"line":47,"column":51}},"27":{"start":{"line":47,"column":16},"end":{"line":47,"column":51}},"28":{"start":{"line":49,"column":32},"end":{"line":49,"column":78}},"29":{"start":{"line":51,"column":24},"end":{"line":51,"column":33}},"30":{"start":{"line":52,"column":4},"end":{"line":57,"column":7}},"31":{"start":{"line":53,"column":6},"end":{"line":56,"column":9}},"32":{"start":{"line":54,"column":8},"end":{"line":54,"column":87}},"33":{"start":{"line":54,"column":45},"end":{"line":54,"column":87}},"34":{"start":{"line":55,"column":8},"end":{"line":55,"column":60}},"35":{"start":{"line":59,"column":27},"end":{"line":59,"column":29}},"36":{"start":{"line":60,"column":26},"end":{"line":60,"column":36}},"37":{"start":{"line":62,"column":31},"end":{"line":70,"column":48}},"38":{"start":{"line":63,"column":22},"end":{"line":68,"column":7}},"39":{"start":{"line":66,"column":19},"end":{"line":66,"column":94}},"40":{"start":{"line":69,"column":24},"end":{"line":69,"column":56}},"41":{"start":{"line":70,"column":22},"end":{"line":70,"column":47}},"42":{"start":{"line":72,"column":4},"end":{"line":87,"column":5}},"43":{"start":{"line":73,"column":6},"end":{"line":85,"column":7}},"44":{"start":{"line":74,"column":29},"end":{"line":74,"column":74}},"45":{"start":{"line":75,"column":27},"end":{"line":75,"column":60}},"46":{"start":{"line":77,"column":8},"end":{"line":82,"column":11}},"47":{"start":{"line":84,"column":8},"end":{"line":84,"column":40}},"48":{"start":{"line":86,"column":6},"end":{"line":86,"column":38}},"49":{"start":{"line":86,"column":32},"end":{"line":86,"column":38}},"50":{"start":{"line":89,"column":4},"end":{"line":91,"column":5}},"51":{"start":{"line":90,"column":6},"end":{"line":90,"column":137}},"52":{"start":{"line":93,"column":23},"end":{"line":93,"column":77}},"53":{"start":{"line":94,"column":20},"end":{"line":107,"column":5}},"54":{"start":{"line":109,"column":4},"end":{"line":109,"column":27}},"55":{"start":{"line":110,"column":4},"end":{"line":115,"column":6}},"56":{"start":{"line":117,"column":4},"end":{"line":117,"column":44}},"57":{"start":{"line":118,"column":4},"end":{"line":118,"column":56}},"58":{"start":{"line":122,"column":29},"end":{"line":139,"column":1}},"59":{"start":{"line":123,"column":2},"end":{"line":138,"column":3}},"60":{"start":{"line":124,"column":20},"end":{"line":124,"column":61}},"61":{"start":{"line":124,"column":41},"end":{"line":124,"column":60}},"62":{"start":{"line":125,"column":4},"end":{"line":125,"column":55}},"63":{"start":{"line":125,"column":18},"end":{"line":125,"column":55}},"64":{"start":{"line":126,"column":4},"end":{"line":126,"column":88}},"65":{"start":{"line":126,"column":33},"end":{"line":126,"column":88}},"66":{"start":{"line":127,"column":4},"end":{"line":127,"column":88}},"67":{"start":{"line":127,"column":40},"end":{"line":127,"column":88}},"68":{"start":{"line":128,"column":4},"end":{"line":128,"column":110}},"69":{"start":{"line":128,"column":49},"end":{"line":128,"column":110}},"70":{"start":{"line":130,"column":4},"end":{"line":130,"column":33}},"71":{"start":{"line":131,"column":4},"end":{"line":131,"column":39}},"72":{"start":{"line":132,"column":4},"end":{"line":132,"column":35}},"73":{"start":{"line":134,"column":4},"end":{"line":134,"column":106}},"74":{"start":{"line":136,"column":4},"end":{"line":136,"column":49}},"75":{"start":{"line":137,"column":4},"end":{"line":137,"column":61}},"76":{"start":{"line":141,"column":29},"end":{"line":237,"column":1}},"77":{"start":{"line":142,"column":2},"end":{"line":236,"column":3}},"78":{"start":{"line":143,"column":20},"end":{"line":143,"column":61}},"79":{"start":{"line":143,"column":41},"end":{"line":143,"column":60}},"80":{"start":{"line":144,"column":4},"end":{"line":144,"column":55}},"81":{"start":{"line":144,"column":18},"end":{"line":144,"column":55}},"82":{"start":{"line":145,"column":4},"end":{"line":145,"column":88}},"83":{"start":{"line":145,"column":33},"end":{"line":145,"column":88}},"84":{"start":{"line":146,"column":4},"end":{"line":146,"column":91}},"85":{"start":{"line":146,"column":40},"end":{"line":146,"column":91}},"86":{"start":{"line":147,"column":4},"end":{"line":147,"column":110}},"87":{"start":{"line":147,"column":49},"end":{"line":147,"column":110}},"88":{"start":{"line":149,"column":52},"end":{"line":149,"column":59}},"89":{"start":{"line":150,"column":4},"end":{"line":150,"column":113}},"90":{"start":{"line":150,"column":35},"end":{"line":150,"column":113}},"91":{"start":{"line":151,"column":4},"end":{"line":151,"column":115}},"92":{"start":{"line":151,"column":59},"end":{"line":151,"column":115}},"93":{"start":{"line":153,"column":18},"end":{"line":153,"column":63}},"94":{"start":{"line":153,"column":37},"end":{"line":153,"column":62}},"95":{"start":{"line":154,"column":4},"end":{"line":154,"column":62}},"96":{"start":{"line":154,"column":16},"end":{"line":154,"column":62}},"97":{"start":{"line":156,"column":28},"end":{"line":156,"column":42}},"98":{"start":{"line":157,"column":4},"end":{"line":162,"column":7}},"99":{"start":{"line":158,"column":19},"end":{"line":158,"column":67}},"100":{"start":{"line":158,"column":43},"end":{"line":158,"column":66}},"101":{"start":{"line":159,"column":6},"end":{"line":161,"column":7}},"102":{"start":{"line":160,"column":8},"end":{"line":160,"column":51}},"103":{"start":{"line":164,"column":25},"end":{"line":164,"column":76}},"104":{"start":{"line":165,"column":26},"end":{"line":165,"column":80}},"105":{"start":{"line":166,"column":28},"end":{"line":166,"column":60}},"106":{"start":{"line":168,"column":32},"end":{"line":175,"column":5}},"107":{"start":{"line":170,"column":8},"end":{"line":174,"column":43}},"108":{"start":{"line":177,"column":24},"end":{"line":177,"column":33}},"109":{"start":{"line":178,"column":4},"end":{"line":183,"column":7}},"110":{"start":{"line":179,"column":6},"end":{"line":182,"column":9}},"111":{"start":{"line":180,"column":8},"end":{"line":180,"column":87}},"112":{"start":{"line":180,"column":45},"end":{"line":180,"column":87}},"113":{"start":{"line":181,"column":8},"end":{"line":181,"column":60}},"114":{"start":{"line":185,"column":27},"end":{"line":185,"column":29}},"115":{"start":{"line":186,"column":26},"end":{"line":186,"column":41}},"116":{"start":{"line":188,"column":31},"end":{"line":196,"column":48}},"117":{"start":{"line":189,"column":22},"end":{"line":194,"column":7}},"118":{"start":{"line":192,"column":19},"end":{"line":192,"column":94}},"119":{"start":{"line":195,"column":24},"end":{"line":195,"column":56}},"120":{"start":{"line":196,"column":22},"end":{"line":196,"column":47}},"121":{"start":{"line":198,"column":4},"end":{"line":206,"column":5}},"122":{"start":{"line":199,"column":6},"end":{"line":204,"column":7}},"123":{"start":{"line":200,"column":29},"end":{"line":200,"column":74}},"124":{"start":{"line":201,"column":27},"end":{"line":201,"column":60}},"125":{"start":{"line":202,"column":8},"end":{"line":202,"column":134}},"126":{"start":{"line":203,"column":8},"end":{"line":203,"column":40}},"127":{"start":{"line":205,"column":6},"end":{"line":205,"column":38}},"128":{"start":{"line":205,"column":32},"end":{"line":205,"column":38}},"129":{"start":{"line":208,"column":4},"end":{"line":211,"column":5}},"130":{"start":{"line":209,"column":6},"end":{"line":209,"column":46}},"131":{"start":{"line":210,"column":6},"end":{"line":210,"column":108}},"132":{"start":{"line":213,"column":19},"end":{"line":213,"column":84}},"133":{"start":{"line":214,"column":4},"end":{"line":214,"column":35}},"134":{"start":{"line":215,"column":4},"end":{"line":215,"column":37}},"135":{"start":{"line":216,"column":4},"end":{"line":216,"column":41}},"136":{"start":{"line":217,"column":4},"end":{"line":217,"column":44}},"137":{"start":{"line":218,"column":4},"end":{"line":218,"column":104}},"138":{"start":{"line":218,"column":64},"end":{"line":218,"column":99}},"139":{"start":{"line":219,"column":4},"end":{"line":219,"column":35}},"140":{"start":{"line":221,"column":4},"end":{"line":226,"column":7}},"141":{"start":{"line":222,"column":19},"end":{"line":222,"column":67}},"142":{"start":{"line":222,"column":43},"end":{"line":222,"column":66}},"143":{"start":{"line":223,"column":6},"end":{"line":225,"column":7}},"144":{"start":{"line":224,"column":8},"end":{"line":224,"column":98}},"145":{"start":{"line":224,"column":78},"end":{"line":224,"column":96}},"146":{"start":{"line":228,"column":4},"end":{"line":232,"column":6}},"147":{"start":{"line":234,"column":4},"end":{"line":234,"column":102}},"148":{"start":{"line":235,"column":4},"end":{"line":235,"column":69}},"149":{"start":{"line":239,"column":36},"end":{"line":274,"column":1}},"150":{"start":{"line":240,"column":2},"end":{"line":273,"column":3}},"151":{"start":{"line":241,"column":16},"end":{"line":241,"column":26}},"152":{"start":{"line":243,"column":28},"end":{"line":249,"column":63}},"153":{"start":{"line":245,"column":8},"end":{"line":248,"column":40}},"154":{"start":{"line":249,"column":21},"end":{"line":249,"column":62}},"155":{"start":{"line":251,"column":18},"end":{"line":251,"column":55}},"156":{"start":{"line":251,"column":37},"end":{"line":251,"column":54}},"157":{"start":{"line":253,"column":4},"end":{"line":269,"column":6}},"158":{"start":{"line":255,"column":55},"end":{"line":268,"column":7}},"159":{"start":{"line":263,"column":53},"end":{"line":267,"column":9}},"160":{"start":{"line":271,"column":4},"end":{"line":271,"column":61}},"161":{"start":{"line":272,"column":4},"end":{"line":272,"column":75}}},"fnMap":{"0":{"name":"(anonymous_0)","decl":{"start":{"line":8,"column":22},"end":{"line":8,"column":23}},"loc":{"start":{"line":8,"column":45},"end":{"line":25,"column":1}},"line":8},"1":{"name":"(anonymous_1)","decl":{"start":{"line":26,"column":28},"end":{"line":26,"column":29}},"loc":{"start":{"line":26,"column":58},"end":{"line":29,"column":1}},"line":26},"2":{"name":"(anonymous_2)","decl":{"start":{"line":28,"column":22},"end":{"line":28,"column":23}},"loc":{"start":{"line":28,"column":39},"end":{"line":28,"column":74}},"line":28},"3":{"name":"(anonymous_3)","decl":{"start":{"line":31,"column":27},"end":{"line":31,"column":28}},"loc":{"start":{"line":31,"column":59},"end":{"line":39,"column":1}},"line":31},"4":{"name":"(anonymous_4)","decl":{"start":{"line":33,"column":4},"end":{"line":33,"column":5}},"loc":{"start":{"line":34,"column":6},"end":{"line":37,"column":52}},"line":34},"5":{"name":"(anonymous_5)","decl":{"start":{"line":41,"column":24},"end":{"line":41,"column":25}},"loc":{"start":{"line":41,"column":47},"end":{"line":120,"column":1}},"line":41},"6":{"name":"(anonymous_6)","decl":{"start":{"line":46,"column":30},"end":{"line":46,"column":31}},"loc":{"start":{"line":46,"column":37},"end":{"line":46,"column":54}},"line":46},"7":{"name":"(anonymous_7)","decl":{"start":{"line":52,"column":32},"end":{"line":52,"column":33}},"loc":{"start":{"line":52,"column":45},"end":{"line":57,"column":5}},"line":52},"8":{"name":"(anonymous_8)","decl":{"start":{"line":53,"column":37},"end":{"line":53,"column":38}},"loc":{"start":{"line":53,"column":47},"end":{"line":56,"column":7}},"line":53},"9":{"name":"(anonymous_9)","decl":{"start":{"line":63,"column":11},"end":{"line":63,"column":12}},"loc":{"start":{"line":63,"column":22},"end":{"line":68,"column":7}},"line":63},"10":{"name":"(anonymous_10)","decl":{"start":{"line":66,"column":10},"end":{"line":66,"column":11}},"loc":{"start":{"line":66,"column":19},"end":{"line":66,"column":94}},"line":66},"11":{"name":"(anonymous_11)","decl":{"start":{"line":69,"column":14},"end":{"line":69,"column":15}},"loc":{"start":{"line":69,"column":24},"end":{"line":69,"column":56}},"line":69},"12":{"name":"(anonymous_12)","decl":{"start":{"line":70,"column":12},"end":{"line":70,"column":13}},"loc":{"start":{"line":70,"column":22},"end":{"line":70,"column":47}},"line":70},"13":{"name":"(anonymous_13)","decl":{"start":{"line":122,"column":29},"end":{"line":122,"column":30}},"loc":{"start":{"line":122,"column":61},"end":{"line":139,"column":1}},"line":122},"14":{"name":"(anonymous_14)","decl":{"start":{"line":124,"column":34},"end":{"line":124,"column":35}},"loc":{"start":{"line":124,"column":41},"end":{"line":124,"column":60}},"line":124},"15":{"name":"(anonymous_15)","decl":{"start":{"line":141,"column":29},"end":{"line":141,"column":30}},"loc":{"start":{"line":141,"column":70},"end":{"line":237,"column":1}},"line":141},"16":{"name":"(anonymous_16)","decl":{"start":{"line":143,"column":34},"end":{"line":143,"column":35}},"loc":{"start":{"line":143,"column":41},"end":{"line":143,"column":60}},"line":143},"17":{"name":"(anonymous_17)","decl":{"start":{"line":153,"column":30},"end":{"line":153,"column":31}},"loc":{"start":{"line":153,"column":37},"end":{"line":153,"column":62}},"line":153},"18":{"name":"(anonymous_18)","decl":{"start":{"line":157,"column":35},"end":{"line":157,"column":36}},"loc":{"start":{"line":157,"column":65},"end":{"line":162,"column":5}},"line":157},"19":{"name":"(anonymous_19)","decl":{"start":{"line":158,"column":36},"end":{"line":158,"column":37}},"loc":{"start":{"line":158,"column":43},"end":{"line":158,"column":66}},"line":158},"20":{"name":"(anonymous_20)","decl":{"start":{"line":169,"column":6},"end":{"line":169,"column":7}},"loc":{"start":{"line":170,"column":8},"end":{"line":174,"column":43}},"line":170},"21":{"name":"(anonymous_21)","decl":{"start":{"line":178,"column":32},"end":{"line":178,"column":33}},"loc":{"start":{"line":178,"column":39},"end":{"line":183,"column":5}},"line":178},"22":{"name":"(anonymous_22)","decl":{"start":{"line":179,"column":31},"end":{"line":179,"column":32}},"loc":{"start":{"line":179,"column":41},"end":{"line":182,"column":7}},"line":179},"23":{"name":"(anonymous_23)","decl":{"start":{"line":189,"column":11},"end":{"line":189,"column":12}},"loc":{"start":{"line":189,"column":22},"end":{"line":194,"column":7}},"line":189},"24":{"name":"(anonymous_24)","decl":{"start":{"line":192,"column":10},"end":{"line":192,"column":11}},"loc":{"start":{"line":192,"column":19},"end":{"line":192,"column":94}},"line":192},"25":{"name":"(anonymous_25)","decl":{"start":{"line":195,"column":14},"end":{"line":195,"column":15}},"loc":{"start":{"line":195,"column":24},"end":{"line":195,"column":56}},"line":195},"26":{"name":"(anonymous_26)","decl":{"start":{"line":196,"column":12},"end":{"line":196,"column":13}},"loc":{"start":{"line":196,"column":22},"end":{"line":196,"column":47}},"line":196},"27":{"name":"(anonymous_27)","decl":{"start":{"line":218,"column":47},"end":{"line":218,"column":48}},"loc":{"start":{"line":218,"column":64},"end":{"line":218,"column":99}},"line":218},"28":{"name":"(anonymous_28)","decl":{"start":{"line":221,"column":27},"end":{"line":221,"column":28}},"loc":{"start":{"line":221,"column":57},"end":{"line":226,"column":5}},"line":221},"29":{"name":"(anonymous_29)","decl":{"start":{"line":222,"column":36},"end":{"line":222,"column":37}},"loc":{"start":{"line":222,"column":43},"end":{"line":222,"column":66}},"line":222},"30":{"name":"(anonymous_30)","decl":{"start":{"line":224,"column":69},"end":{"line":224,"column":70}},"loc":{"start":{"line":224,"column":78},"end":{"line":224,"column":96}},"line":224},"31":{"name":"(anonymous_31)","decl":{"start":{"line":239,"column":36},"end":{"line":239,"column":37}},"loc":{"start":{"line":239,"column":55},"end":{"line":274,"column":1}},"line":239},"32":{"name":"(anonymous_32)","decl":{"start":{"line":244,"column":6},"end":{"line":244,"column":7}},"loc":{"start":{"line":245,"column":8},"end":{"line":248,"column":40}},"line":245},"33":{"name":"(anonymous_33)","decl":{"start":{"line":249,"column":11},"end":{"line":249,"column":12}},"loc":{"start":{"line":249,"column":21},"end":{"line":249,"column":62}},"line":249},"34":{"name":"(anonymous_34)","decl":{"start":{"line":251,"column":30},"end":{"line":251,"column":31}},"loc":{"start":{"line":251,"column":37},"end":{"line":251,"column":54}},"line":251},"35":{"name":"(anonymous_35)","decl":{"start":{"line":255,"column":41},"end":{"line":255,"column":42}},"loc":{"start":{"line":255,"column":55},"end":{"line":268,"column":7}},"line":255},"36":{"name":"(anonymous_36)","decl":{"start":{"line":263,"column":42},"end":{"line":263,"column":43}},"loc":{"start":{"line":263,"column":53},"end":{"line":267,"column":9}},"line":263}},"branchMap":{"0":{"loc":{"start":{"line":13,"column":2},"end":{"line":15,"column":3}},"type":"if","locations":[{"start":{"line":13,"column":2},"end":{"line":15,"column":3}},{"start":{},"end":{}}],"line":13},"1":{"loc":{"start":{"line":13,"column":6},"end":{"line":13,"column":67}},"type":"binary-expr","locations":[{"start":{"line":13,"column":6},"end":{"line":13,"column":34}},{"start":{"line":13,"column":38},"end":{"line":13,"column":67}}],"line":13},"2":{"loc":{"start":{"line":17,"column":2},"end":{"line":19,"column":3}},"type":"if","locations":[{"start":{"line":17,"column":2},"end":{"line":19,"column":3}},{"start":{},"end":{}}],"line":17},"3":{"loc":{"start":{"line":21,"column":2},"end":{"line":23,"column":3}},"type":"if","locations":[{"start":{"line":21,"column":2},"end":{"line":23,"column":3}},{"start":{},"end":{}}],"line":21},"4":{"loc":{"start":{"line":34,"column":6},"end":{"line":37,"column":52}},"type":"binary-expr","locations":[{"start":{"line":34,"column":6},"end":{"line":34,"column":33}},{"start":{"line":35,"column":6},"end":{"line":35,"column":36}},{"start":{"line":36,"column":6},"end":{"line":36,"column":52}},{"start":{"line":37,"column":6},"end":{"line":37,"column":52}}],"line":34},"5":{"loc":{"start":{"line":47,"column":4},"end":{"line":47,"column":51}},"type":"if","locations":[{"start":{"line":47,"column":4},"end":{"line":47,"column":51}},{"start":{},"end":{}}],"line":47},"6":{"loc":{"start":{"line":54,"column":8},"end":{"line":54,"column":87}},"type":"if","locations":[{"start":{"line":54,"column":8},"end":{"line":54,"column":87}},{"start":{},"end":{}}],"line":54},"7":{"loc":{"start":{"line":66,"column":19},"end":{"line":66,"column":94}},"type":"binary-expr","locations":[{"start":{"line":66,"column":19},"end":{"line":66,"column":50}},{"start":{"line":66,"column":54},"end":{"line":66,"column":94}}],"line":66},"8":{"loc":{"start":{"line":73,"column":13},"end":{"line":73,"column":72}},"type":"binary-expr","locations":[{"start":{"line":73,"column":13},"end":{"line":73,"column":32}},{"start":{"line":73,"column":36},"end":{"line":73,"column":72}}],"line":73},"9":{"loc":{"start":{"line":86,"column":6},"end":{"line":86,"column":38}},"type":"if","locations":[{"start":{"line":86,"column":6},"end":{"line":86,"column":38}},{"start":{},"end":{}}],"line":86},"10":{"loc":{"start":{"line":89,"column":4},"end":{"line":91,"column":5}},"type":"if","locations":[{"start":{"line":89,"column":4},"end":{"line":91,"column":5}},{"start":{},"end":{}}],"line":89},"11":{"loc":{"start":{"line":125,"column":4},"end":{"line":125,"column":55}},"type":"if","locations":[{"start":{"line":125,"column":4},"end":{"line":125,"column":55}},{"start":{},"end":{}}],"line":125},"12":{"loc":{"start":{"line":126,"column":4},"end":{"line":126,"column":88}},"type":"if","locations":[{"start":{"line":126,"column":4},"end":{"line":126,"column":88}},{"start":{},"end":{}}],"line":126},"13":{"loc":{"start":{"line":127,"column":4},"end":{"line":127,"column":88}},"type":"if","locations":[{"start":{"line":127,"column":4},"end":{"line":127,"column":88}},{"start":{},"end":{}}],"line":127},"14":{"loc":{"start":{"line":128,"column":4},"end":{"line":128,"column":110}},"type":"if","locations":[{"start":{"line":128,"column":4},"end":{"line":128,"column":110}},{"start":{},"end":{}}],"line":128},"15":{"loc":{"start":{"line":144,"column":4},"end":{"line":144,"column":55}},"type":"if","locations":[{"start":{"line":144,"column":4},"end":{"line":144,"column":55}},{"start":{},"end":{}}],"line":144},"16":{"loc":{"start":{"line":145,"column":4},"end":{"line":145,"column":88}},"type":"if","locations":[{"start":{"line":145,"column":4},"end":{"line":145,"column":88}},{"start":{},"end":{}}],"line":145},"17":{"loc":{"start":{"line":146,"column":4},"end":{"line":146,"column":91}},"type":"if","locations":[{"start":{"line":146,"column":4},"end":{"line":146,"column":91}},{"start":{},"end":{}}],"line":146},"18":{"loc":{"start":{"line":147,"column":4},"end":{"line":147,"column":110}},"type":"if","locations":[{"start":{"line":147,"column":4},"end":{"line":147,"column":110}},{"start":{},"end":{}}],"line":147},"19":{"loc":{"start":{"line":150,"column":4},"end":{"line":150,"column":113}},"type":"if","locations":[{"start":{"line":150,"column":4},"end":{"line":150,"column":113}},{"start":{},"end":{}}],"line":150},"20":{"loc":{"start":{"line":150,"column":8},"end":{"line":150,"column":33}},"type":"binary-expr","locations":[{"start":{"line":150,"column":8},"end":{"line":150,"column":18}},{"start":{"line":150,"column":22},"end":{"line":150,"column":33}}],"line":150},"21":{"loc":{"start":{"line":150,"column":49},"end":{"line":150,"column":78}},"type":"binary-expr","locations":[{"start":{"line":150,"column":49},"end":{"line":150,"column":59}},{"start":{"line":150,"column":63},"end":{"line":150,"column":78}}],"line":150},"22":{"loc":{"start":{"line":150,"column":80},"end":{"line":150,"column":111}},"type":"binary-expr","locations":[{"start":{"line":150,"column":80},"end":{"line":150,"column":91}},{"start":{"line":150,"column":95},"end":{"line":150,"column":111}}],"line":150},"23":{"loc":{"start":{"line":151,"column":4},"end":{"line":151,"column":115}},"type":"if","locations":[{"start":{"line":151,"column":4},"end":{"line":151,"column":115}},{"start":{},"end":{}}],"line":151},"24":{"loc":{"start":{"line":151,"column":8},"end":{"line":151,"column":57}},"type":"binary-expr","locations":[{"start":{"line":151,"column":8},"end":{"line":151,"column":18}},{"start":{"line":151,"column":23},"end":{"line":151,"column":37}},{"start":{"line":151,"column":41},"end":{"line":151,"column":56}}],"line":151},"25":{"loc":{"start":{"line":154,"column":4},"end":{"line":154,"column":62}},"type":"if","locations":[{"start":{"line":154,"column":4},"end":{"line":154,"column":62}},{"start":{},"end":{}}],"line":154},"26":{"loc":{"start":{"line":159,"column":6},"end":{"line":161,"column":7}},"type":"if","locations":[{"start":{"line":159,"column":6},"end":{"line":161,"column":7}},{"start":{},"end":{}}],"line":159},"27":{"loc":{"start":{"line":159,"column":10},"end":{"line":159,"column":65}},"type":"binary-expr","locations":[{"start":{"line":159,"column":10},"end":{"line":159,"column":14}},{"start":{"line":159,"column":18},"end":{"line":159,"column":65}}],"line":159},"28":{"loc":{"start":{"line":164,"column":25},"end":{"line":164,"column":76}},"type":"cond-expr","locations":[{"start":{"line":164,"column":38},"end":{"line":164,"column":58}},{"start":{"line":164,"column":61},"end":{"line":164,"column":76}}],"line":164},"29":{"loc":{"start":{"line":165,"column":26},"end":{"line":165,"column":80}},"type":"cond-expr","locations":[{"start":{"line":165,"column":40},"end":{"line":165,"column":61}},{"start":{"line":165,"column":64},"end":{"line":165,"column":80}}],"line":165},"30":{"loc":{"start":{"line":166,"column":28},"end":{"line":166,"column":60}},"type":"binary-expr","locations":[{"start":{"line":166,"column":28},"end":{"line":166,"column":38}},{"start":{"line":166,"column":42},"end":{"line":166,"column":60}}],"line":166},"31":{"loc":{"start":{"line":170,"column":8},"end":{"line":174,"column":43}},"type":"binary-expr","locations":[{"start":{"line":170,"column":8},"end":{"line":170,"column":37}},{"start":{"line":171,"column":8},"end":{"line":171,"column":32}},{"start":{"line":172,"column":8},"end":{"line":172,"column":27}},{"start":{"line":173,"column":8},"end":{"line":173,"column":43}},{"start":{"line":174,"column":8},"end":{"line":174,"column":43}}],"line":170},"32":{"loc":{"start":{"line":180,"column":8},"end":{"line":180,"column":87}},"type":"if","locations":[{"start":{"line":180,"column":8},"end":{"line":180,"column":87}},{"start":{},"end":{}}],"line":180},"33":{"loc":{"start":{"line":192,"column":19},"end":{"line":192,"column":94}},"type":"binary-expr","locations":[{"start":{"line":192,"column":19},"end":{"line":192,"column":50}},{"start":{"line":192,"column":54},"end":{"line":192,"column":94}}],"line":192},"34":{"loc":{"start":{"line":199,"column":13},"end":{"line":199,"column":72}},"type":"binary-expr","locations":[{"start":{"line":199,"column":13},"end":{"line":199,"column":32}},{"start":{"line":199,"column":36},"end":{"line":199,"column":72}}],"line":199},"35":{"loc":{"start":{"line":205,"column":6},"end":{"line":205,"column":38}},"type":"if","locations":[{"start":{"line":205,"column":6},"end":{"line":205,"column":38}},{"start":{},"end":{}}],"line":205},"36":{"loc":{"start":{"line":208,"column":4},"end":{"line":211,"column":5}},"type":"if","locations":[{"start":{"line":208,"column":4},"end":{"line":211,"column":5}},{"start":{},"end":{}}],"line":208},"37":{"loc":{"start":{"line":223,"column":6},"end":{"line":225,"column":7}},"type":"if","locations":[{"start":{"line":223,"column":6},"end":{"line":225,"column":7}},{"start":{},"end":{}}],"line":223},"38":{"loc":{"start":{"line":245,"column":8},"end":{"line":248,"column":40}},"type":"binary-expr","locations":[{"start":{"line":245,"column":8},"end":{"line":245,"column":35}},{"start":{"line":246,"column":8},"end":{"line":246,"column":60}},{"start":{"line":247,"column":8},"end":{"line":247,"column":40}},{"start":{"line":248,"column":8},"end":{"line":248,"column":40}}],"line":245},"39":{"loc":{"start":{"line":254,"column":13},"end":{"line":254,"column":49}},"type":"cond-expr","locations":[{"start":{"line":254,"column":21},"end":{"line":254,"column":31}},{"start":{"line":254,"column":34},"end":{"line":254,"column":49}}],"line":254}},"s":{"0":1,"1":1,"2":1,"3":2,"4":2,"5":2,"6":2,"7":0,"8":2,"9":0,"10":2,"11":0,"12":2,"13":1,"14":1,"15":1,"16":1,"17":1,"18":1,"19":0,"20":1,"21":2,"22":2,"23":2,"24":2,"25":4,"26":2,"27":1,"28":1,"29":1,"30":1,"31":0,"32":0,"33":0,"34":0,"35":1,"36":1,"37":1,"38":3,"39":10,"40":3,"41":2,"42":1,"43":1,"44":1,"45":1,"46":1,"47":1,"48":1,"49":1,"50":1,"51":0,"52":1,"53":1,"54":1,"55":1,"56":1,"57":1,"58":1,"59":2,"60":2,"61":2,"62":2,"63":0,"64":2,"65":1,"66":1,"67":0,"68":1,"69":0,"70":1,"71":1,"72":1,"73":1,"74":1,"75":1,"76":1,"77":2,"78":2,"79":2,"80":2,"81":1,"82":1,"83":0,"84":1,"85":1,"86":0,"87":0,"88":0,"89":0,"90":0,"91":0,"92":0,"93":0,"94":0,"95":0,"96":0,"97":0,"98":0,"99":0,"100":0,"101":0,"102":0,"103":0,"104":0,"105":0,"106":0,"107":0,"108":0,"109":0,"110":0,"111":0,"112":0,"113":0,"114":0,"115":0,"116":0,"117":0,"118":0,"119":0,"120":0,"121":0,"122":0,"123":0,"124":0,"125":0,"126":0,"127":0,"128":0,"129":0,"130":0,"131":0,"132":0,"133":0,"134":0,"135":0,"136":0,"137":0,"138":0,"139":0,"140":0,"141":0,"142":0,"143":0,"144":0,"145":0,"146":0,"147":2,"148":2,"149":1,"150":1,"151":1,"152":1,"153":1,"154":0,"155":1,"156":1,"157":1,"158":0,"159":0,"160":0,"161":0},"f":{"0":2,"1":1,"2":1,"3":1,"4":0,"5":2,"6":4,"7":0,"8":0,"9":3,"10":10,"11":3,"12":2,"13":2,"14":2,"15":2,"16":2,"17":0,"18":0,"19":0,"20":0,"21":0,"22":0,"23":0,"24":0,"25":0,"26":0,"27":0,"28":0,"29":0,"30":0,"31":1,"32":1,"33":0,"34":1,"35":0,"36":0},"b":{"0":[0,2],"1":[2,2],"2":[0,2],"3":[0,2],"4":[0,0,0,0],"5":[1,1],"6":[0,0],"7":[10,0],"8":[2,1],"9":[1,0],"10":[0,1],"11":[0,2],"12":[1,1],"13":[0,1],"14":[0,1],"15":[1,1],"16":[0,1],"17":[1,0],"18":[0,0],"19":[0,0],"20":[0,0],"21":[0,0],"22":[0,0],"23":[0,0],"24":[0,0,0],"25":[0,0],"26":[0,0],"27":[0,0],"28":[0,0],"29":[0,0],"30":[0,0],"31":[0,0,0,0,0],"32":[0,0],"33":[0,0],"34":[0,0],"35":[0,0],"36":[0,0],"37":[0,0],"38":[1,1,1,0],"39":[1,0]},"_coverageSchema":"1a1c01bbd47fc00a2c39e90264f33305004495a9","hash":"ee10ec93d77578449b10f6fb2b3dc649f2a6317d"}
,"/home/dell/Documents/new/hotel-booking/src/utils/responseHandler.js": {"path":"/home/dell/Documents/new/hotel-booking/src/utils/responseHandler.js","statementMap":{"0":{"start":{"line":1,"column":31},"end":{"line":7,"column":3}},"1":{"start":{"line":2,"column":4},"end":{"line":6,"column":7}},"2":{"start":{"line":9,"column":31},"end":{"line":14,"column":3}},"3":{"start":{"line":10,"column":4},"end":{"line":13,"column":7}}},"fnMap":{"0":{"name":"(anonymous_0)","decl":{"start":{"line":1,"column":31},"end":{"line":1,"column":32}},"loc":{"start":{"line":1,"column":78},"end":{"line":7,"column":3}},"line":1},"1":{"name":"(anonymous_1)","decl":{"start":{"line":9,"column":31},"end":{"line":9,"column":32}},"loc":{"start":{"line":9,"column":72},"end":{"line":14,"column":3}},"line":9}},"branchMap":{"0":{"loc":{"start":{"line":1,"column":46},"end":{"line":1,"column":55}},"type":"default-arg","locations":[{"start":{"line":1,"column":53},"end":{"line":1,"column":55}}],"line":1},"1":{"loc":{"start":{"line":1,"column":57},"end":{"line":1,"column":73}},"type":"default-arg","locations":[{"start":{"line":1,"column":70},"end":{"line":1,"column":73}}],"line":1},"2":{"loc":{"start":{"line":9,"column":51},"end":{"line":9,"column":67}},"type":"default-arg","locations":[{"start":{"line":9,"column":64},"end":{"line":9,"column":67}}],"line":9}},"s":{"0":1,"1":3,"2":1,"3":5},"f":{"0":3,"1":5},"b":{"0":[1],"1":[2],"2":[5]},"_coverageSchema":"1a1c01bbd47fc00a2c39e90264f33305004495a9","hash":"c15e97fbeb027e636ddb840e1c30495b02781fb9"}
,"/home/dell/Documents/new/hotel-booking/src/utils/seedHotels.js": {"path":"/home/dell/Documents/new/hotel-booking/src/utils/seedHotels.js","statementMap":{"0":{"start":{"line":2,"column":15},"end":{"line":153,"column":1}}},"fnMap":{},"branchMap":{},"s":{"0":1},"f":{},"b":{},"_coverageSchema":"1a1c01bbd47fc00a2c39e90264f33305004495a9","hash":"dc2fe629533f0ae8dd2dd34b51dc47c6531552b4"}
}
