TN:
SF:app.js
FN:13,(anonymous_0)
FN:25,(anonymous_1)
FN:30,(anonymous_2)
FNF:3
FNH:1
FNDA:1,(anonymous_0)
FNDA:0,(anonymous_1)
FNDA:0,(anonymous_2)
DA:6,1
DA:8,1
DA:11,1
DA:13,1
DA:14,1
DA:18,1
DA:20,1
DA:21,1
DA:25,1
DA:26,0
DA:30,1
DA:31,0
LF:12
LH:10
BRDA:11,0,0,1
BRDA:11,0,1,0
BRF:2
BRH:1
end_of_record
TN:
SF:src/config/swagger.config.js
FN:25,(anonymous_0)
FNF:1
FNH:1
FNDA:1,(anonymous_0)
DA:1,1
DA:2,1
DA:5,1
DA:23,1
DA:25,1
DA:26,1
DA:27,1
DA:30,1
LF:8
LH:8
BRF:0
BRH:0
end_of_record
TN:
SF:src/controllers/hotel.controller.js
FN:4,(anonymous_0)
FN:13,(anonymous_1)
FN:23,(anonymous_2)
FN:32,(anonymous_3)
FN:41,(anonymous_4)
FNF:5
FNH:5
FNDA:2,(anonymous_0)
FNDA:1,(anonymous_1)
FNDA:1,(anonymous_2)
FNDA:2,(anonymous_3)
FNDA:2,(anonymous_4)
DA:4,1
DA:5,2
DA:6,2
DA:7,1
DA:9,1
DA:13,1
DA:14,1
DA:15,1
DA:16,0
DA:17,0
DA:19,1
DA:23,1
DA:24,1
DA:25,1
DA:26,1
DA:28,0
DA:32,1
DA:33,2
DA:34,2
DA:35,1
DA:37,1
DA:41,1
DA:42,2
DA:43,2
DA:44,0
DA:45,0
DA:47,2
LF:27
LH:22
BRDA:16,0,0,0
BRDA:16,0,1,0
BRDA:44,1,0,0
BRDA:44,1,1,0
BRF:4
BRH:0
end_of_record
TN:
SF:src/middlewares/validations/bookingValidation.js
FN:12,(anonymous_0)
FN:28,(anonymous_1)
FN:41,(anonymous_2)
FNF:3
FNH:3
FNDA:2,(anonymous_0)
FNDA:2,(anonymous_1)
FNDA:2,(anonymous_2)
DA:3,1
DA:13,2
DA:14,2
DA:15,0
DA:17,2
DA:21,1
DA:29,2
DA:30,2
DA:31,0
DA:33,2
DA:37,1
DA:42,2
DA:43,2
DA:44,0
DA:46,2
LF:15
LH:12
BRDA:14,0,0,0
BRDA:14,0,1,2
BRDA:30,1,0,0
BRDA:30,1,1,2
BRDA:43,2,0,0
BRDA:43,2,1,2
BRF:6
BRH:3
end_of_record
TN:
SF:src/routes/hotel.route.js
FNF:0
FNH:0
DA:5,1
DA:39,1
DA:72,1
DA:99,1
DA:142,1
DA:239,1
LF:6
LH:6
BRF:0
BRH:0
end_of_record
TN:
SF:src/routes/index.routes.js
FNF:0
FNH:0
DA:10,1
DA:12,1
DA:14,1
LF:3
LH:3
BRF:0
BRH:0
end_of_record
TN:
SF:src/services/booking.service.js
FN:8,(anonymous_0)
FN:26,(anonymous_1)
FN:28,(anonymous_2)
FN:31,(anonymous_3)
FN:33,(anonymous_4)
FN:41,(anonymous_5)
FN:46,(anonymous_6)
FN:52,(anonymous_7)
FN:53,(anonymous_8)
FN:63,(anonymous_9)
FN:66,(anonymous_10)
FN:69,(anonymous_11)
FN:70,(anonymous_12)
FN:122,(anonymous_13)
FN:124,(anonymous_14)
FN:141,(anonymous_15)
FN:143,(anonymous_16)
FN:153,(anonymous_17)
FN:157,(anonymous_18)
FN:158,(anonymous_19)
FN:169,(anonymous_20)
FN:178,(anonymous_21)
FN:179,(anonymous_22)
FN:189,(anonymous_23)
FN:192,(anonymous_24)
FN:195,(anonymous_25)
FN:196,(anonymous_26)
FN:218,(anonymous_27)
FN:221,(anonymous_28)
FN:222,(anonymous_29)
FN:224,(anonymous_30)
FN:239,(anonymous_31)
FN:244,(anonymous_32)
FN:249,(anonymous_33)
FN:251,(anonymous_34)
FN:255,(anonymous_35)
FN:263,(anonymous_36)
FNF:37
FNH:17
FNDA:2,(anonymous_0)
FNDA:1,(anonymous_1)
FNDA:1,(anonymous_2)
FNDA:1,(anonymous_3)
FNDA:0,(anonymous_4)
FNDA:2,(anonymous_5)
FNDA:4,(anonymous_6)
FNDA:0,(anonymous_7)
FNDA:0,(anonymous_8)
FNDA:3,(anonymous_9)
FNDA:10,(anonymous_10)
FNDA:3,(anonymous_11)
FNDA:2,(anonymous_12)
FNDA:2,(anonymous_13)
FNDA:2,(anonymous_14)
FNDA:2,(anonymous_15)
FNDA:2,(anonymous_16)
FNDA:0,(anonymous_17)
FNDA:0,(anonymous_18)
FNDA:0,(anonymous_19)
FNDA:0,(anonymous_20)
FNDA:0,(anonymous_21)
FNDA:0,(anonymous_22)
FNDA:0,(anonymous_23)
FNDA:0,(anonymous_24)
FNDA:0,(anonymous_25)
FNDA:0,(anonymous_26)
FNDA:0,(anonymous_27)
FNDA:0,(anonymous_28)
FNDA:0,(anonymous_29)
FNDA:0,(anonymous_30)
FNDA:1,(anonymous_31)
FNDA:1,(anonymous_32)
FNDA:0,(anonymous_33)
FNDA:1,(anonymous_34)
FNDA:0,(anonymous_35)
FNDA:0,(anonymous_36)
DA:4,1
DA:5,1
DA:8,1
DA:9,2
DA:10,2
DA:11,2
DA:13,2
DA:14,0
DA:17,2
DA:18,0
DA:21,2
DA:22,0
DA:24,2
DA:26,1
DA:27,1
DA:28,1
DA:31,1
DA:32,1
DA:34,0
DA:41,1
DA:42,2
DA:43,2
DA:44,2
DA:46,4
DA:47,2
DA:49,1
DA:51,1
DA:52,1
DA:53,0
DA:54,0
DA:55,0
DA:59,1
DA:60,1
DA:62,1
DA:63,3
DA:66,10
DA:69,3
DA:70,2
DA:72,1
DA:73,1
DA:74,1
DA:75,1
DA:77,1
DA:84,1
DA:86,1
DA:89,1
DA:90,0
DA:93,1
DA:94,1
DA:109,1
DA:110,1
DA:117,1
DA:118,1
DA:122,1
DA:123,2
DA:124,2
DA:125,2
DA:126,2
DA:127,1
DA:128,1
DA:130,1
DA:131,1
DA:132,1
DA:134,1
DA:136,1
DA:137,1
DA:141,1
DA:142,2
DA:143,2
DA:144,2
DA:145,1
DA:146,1
DA:147,0
DA:149,0
DA:150,0
DA:151,0
DA:153,0
DA:154,0
DA:156,0
DA:157,0
DA:158,0
DA:159,0
DA:160,0
DA:164,0
DA:165,0
DA:166,0
DA:168,0
DA:170,0
DA:177,0
DA:178,0
DA:179,0
DA:180,0
DA:181,0
DA:185,0
DA:186,0
DA:188,0
DA:189,0
DA:192,0
DA:195,0
DA:196,0
DA:198,0
DA:199,0
DA:200,0
DA:201,0
DA:202,0
DA:203,0
DA:205,0
DA:208,0
DA:209,0
DA:210,0
DA:213,0
DA:214,0
DA:215,0
DA:216,0
DA:217,0
DA:218,0
DA:219,0
DA:221,0
DA:222,0
DA:223,0
DA:224,0
DA:228,0
DA:234,2
DA:235,2
DA:239,1
DA:240,1
DA:241,1
DA:243,1
DA:245,1
DA:249,0
DA:251,1
DA:253,1
DA:255,0
DA:263,0
DA:271,0
DA:272,0
LF:136
LH:73
BRDA:13,0,0,0
BRDA:13,0,1,2
BRDA:13,1,0,2
BRDA:13,1,1,2
BRDA:17,2,0,0
BRDA:17,2,1,2
BRDA:21,3,0,0
BRDA:21,3,1,2
BRDA:34,4,0,0
BRDA:34,4,1,0
BRDA:34,4,2,0
BRDA:34,4,3,0
BRDA:47,5,0,1
BRDA:47,5,1,1
BRDA:54,6,0,0
BRDA:54,6,1,0
BRDA:66,7,0,10
BRDA:66,7,1,0
BRDA:73,8,0,2
BRDA:73,8,1,1
BRDA:86,9,0,1
BRDA:86,9,1,0
BRDA:89,10,0,0
BRDA:89,10,1,1
BRDA:125,11,0,0
BRDA:125,11,1,2
BRDA:126,12,0,1
BRDA:126,12,1,1
BRDA:127,13,0,0
BRDA:127,13,1,1
BRDA:128,14,0,0
BRDA:128,14,1,1
BRDA:144,15,0,1
BRDA:144,15,1,1
BRDA:145,16,0,0
BRDA:145,16,1,1
BRDA:146,17,0,1
BRDA:146,17,1,0
BRDA:147,18,0,0
BRDA:147,18,1,0
BRDA:150,19,0,0
BRDA:150,19,1,0
BRDA:150,20,0,0
BRDA:150,20,1,0
BRDA:150,21,0,0
BRDA:150,21,1,0
BRDA:150,22,0,0
BRDA:150,22,1,0
BRDA:151,23,0,0
BRDA:151,23,1,0
BRDA:151,24,0,0
BRDA:151,24,1,0
BRDA:151,24,2,0
BRDA:154,25,0,0
BRDA:154,25,1,0
BRDA:159,26,0,0
BRDA:159,26,1,0
BRDA:159,27,0,0
BRDA:159,27,1,0
BRDA:164,28,0,0
BRDA:164,28,1,0
BRDA:165,29,0,0
BRDA:165,29,1,0
BRDA:166,30,0,0
BRDA:166,30,1,0
BRDA:170,31,0,0
BRDA:170,31,1,0
BRDA:170,31,2,0
BRDA:170,31,3,0
BRDA:170,31,4,0
BRDA:180,32,0,0
BRDA:180,32,1,0
BRDA:192,33,0,0
BRDA:192,33,1,0
BRDA:199,34,0,0
BRDA:199,34,1,0
BRDA:205,35,0,0
BRDA:205,35,1,0
BRDA:208,36,0,0
BRDA:208,36,1,0
BRDA:223,37,0,0
BRDA:223,37,1,0
BRDA:245,38,0,1
BRDA:245,38,1,1
BRDA:245,38,2,1
BRDA:245,38,3,0
BRDA:254,39,0,1
BRDA:254,39,1,0
BRF:88
BRH:25
end_of_record
TN:
SF:src/utils/responseHandler.js
FN:1,(anonymous_0)
FN:9,(anonymous_1)
FNF:2
FNH:2
FNDA:3,(anonymous_0)
FNDA:5,(anonymous_1)
DA:1,1
DA:2,3
DA:9,1
DA:10,5
LF:4
LH:4
BRDA:1,0,0,1
BRDA:1,1,0,2
BRDA:9,2,0,5
BRF:3
BRH:3
end_of_record
TN:
SF:src/utils/seedHotels.js
FNF:0
FNH:0
DA:2,1
LF:1
LH:1
BRF:0
BRH:0
end_of_record
